[INFO]-[2018/10/06 01:43:56] DB Copy: Creating table wpstg1_ab_appointments
[INFO]-[2018/10/06 01:43:56] DB Copy: Creating table wpstg1_ab_appointments
[INFO]-[2018/10/06 01:43:56] DB Copy: Creating table wpstg1_ab_categories
[INFO]-[2018/10/06 01:43:56] DB Copy: wp_ab_categories as wpstg1_ab_categories from 0 to 10000 records
[INFO]-[2018/10/06 01:43:56] DB Copy: Creating table wpstg1_ab_categories
[INFO]-[2018/10/06 01:43:56] DB Copy: wp_ab_categories as wpstg1_ab_categories from 0 to 10000 records
[INFO]-[2018/10/06 01:43:56] DB Copy: Creating table wpstg1_ab_coupon_services
[INFO]-[2018/10/06 01:43:56] DB Copy: Creating table wpstg1_ab_coupon_services
[INFO]-[2018/10/06 01:43:57] DB Copy: Creating table wpstg1_ab_coupons
[INFO]-[2018/10/06 01:43:57] DB Copy: Creating table wpstg1_ab_coupons
[INFO]-[2018/10/06 01:43:57] DB Copy: Creating table wpstg1_ab_customer_appointments
[INFO]-[2018/10/06 01:43:57] DB Copy: Creating table wpstg1_ab_customer_appointments
[INFO]-[2018/10/06 01:43:57] DB Copy: Creating table wpstg1_ab_customers
[INFO]-[2018/10/06 01:43:57] DB Copy: Creating table wpstg1_ab_customers
[INFO]-[2018/10/06 01:43:58] DB Copy: Creating table wpstg1_ab_holidays
[INFO]-[2018/10/06 01:43:58] DB Copy: Creating table wpstg1_ab_holidays
[INFO]-[2018/10/06 01:43:58] DB Copy: Creating table wpstg1_ab_notifications
[INFO]-[2018/10/06 01:43:58] DB Copy: wp_ab_notifications as wpstg1_ab_notifications from 0 to 10000 records
[INFO]-[2018/10/06 01:43:58] DB Copy: Creating table wpstg1_ab_notifications
[INFO]-[2018/10/06 01:43:58] DB Copy: wp_ab_notifications as wpstg1_ab_notifications from 0 to 10000 records
[INFO]-[2018/10/06 01:43:58] DB Copy: Creating table wpstg1_ab_payments
[INFO]-[2018/10/06 01:43:58] DB Copy: Creating table wpstg1_ab_payments
[INFO]-[2018/10/06 01:43:59] DB Copy: Creating table wpstg1_ab_schedule_item_breaks
[INFO]-[2018/10/06 01:43:59] DB Copy: Creating table wpstg1_ab_schedule_item_breaks
[INFO]-[2018/10/06 01:43:59] DB Copy: Creating table wpstg1_ab_sent_notifications
[INFO]-[2018/10/06 01:43:59] DB Copy: Creating table wpstg1_ab_sent_notifications
[INFO]-[2018/10/06 01:43:59] DB Copy: Creating table wpstg1_ab_series
[INFO]-[2018/10/06 01:43:59] DB Copy: Creating table wpstg1_ab_series
[INFO]-[2018/10/06 01:44:00] DB Copy: Creating table wpstg1_ab_services
[INFO]-[2018/10/06 01:44:00] DB Copy: wp_ab_services as wpstg1_ab_services from 0 to 10000 records
[INFO]-[2018/10/06 01:44:00] DB Copy: Creating table wpstg1_ab_services
[INFO]-[2018/10/06 01:44:00] DB Copy: wp_ab_services as wpstg1_ab_services from 0 to 10000 records
[INFO]-[2018/10/06 01:44:00] DB Copy: Creating table wpstg1_ab_staff
[INFO]-[2018/10/06 01:44:00] DB Copy: wp_ab_staff as wpstg1_ab_staff from 0 to 10000 records
[INFO]-[2018/10/06 01:44:00] DB Copy: Creating table wpstg1_ab_staff
[INFO]-[2018/10/06 01:44:00] DB Copy: wp_ab_staff as wpstg1_ab_staff from 0 to 10000 records
[INFO]-[2018/10/06 01:44:00] DB Copy: Creating table wpstg1_ab_staff_schedule_items
[INFO]-[2018/10/06 01:44:00] DB Copy: wp_ab_staff_schedule_items as wpstg1_ab_staff_schedule_items from 0 to 10000 records
[INFO]-[2018/10/06 01:44:00] DB Copy: Creating table wpstg1_ab_staff_schedule_items
[INFO]-[2018/10/06 01:44:00] DB Copy: wp_ab_staff_schedule_items as wpstg1_ab_staff_schedule_items from 0 to 10000 records
[INFO]-[2018/10/06 01:44:01] DB Copy: Creating table wpstg1_ab_staff_services
[INFO]-[2018/10/06 01:44:01] DB Copy: Creating table wpstg1_ab_staff_services
[INFO]-[2018/10/06 01:44:01] DB Copy: Creating table wpstg1_commentmeta
[INFO]-[2018/10/06 01:44:01] DB Copy: Creating table wpstg1_commentmeta
[INFO]-[2018/10/06 01:44:01] DB Copy: Creating table wpstg1_comments
[INFO]-[2018/10/06 01:44:01] DB Copy: wp_comments as wpstg1_comments from 0 to 10000 records
[INFO]-[2018/10/06 01:44:01] DB Copy: Creating table wpstg1_comments
[INFO]-[2018/10/06 01:44:01] DB Copy: wp_comments as wpstg1_comments from 0 to 10000 records
[INFO]-[2018/10/06 01:44:02] DB Copy: Creating table wpstg1_links
[INFO]-[2018/10/06 01:44:02] DB Copy: Creating table wpstg1_links
[INFO]-[2018/10/06 01:44:02] DB Copy: Creating table wpstg1_options
[INFO]-[2018/10/06 01:44:02] DB Copy: wp_options as wpstg1_options from 0 to 10000 records
[INFO]-[2018/10/06 01:44:02] DB Copy: Creating table wpstg1_options
[INFO]-[2018/10/06 01:44:02] DB Copy: wp_options as wpstg1_options from 0 to 10000 records
[INFO]-[2018/10/06 01:44:02] DB Copy: Creating table wpstg1_pmxi_files
[INFO]-[2018/10/06 01:44:02] DB Copy: Creating table wpstg1_pmxi_files
[INFO]-[2018/10/06 01:44:03] DB Copy: Creating table wpstg1_pmxi_history
[INFO]-[2018/10/06 01:44:03] DB Copy: Creating table wpstg1_pmxi_history
[INFO]-[2018/10/06 01:44:03] DB Copy: Creating table wpstg1_pmxi_imports
[INFO]-[2018/10/06 01:44:03] DB Copy: Creating table wpstg1_pmxi_imports
[INFO]-[2018/10/06 01:44:03] DB Copy: Creating table wpstg1_pmxi_posts
[INFO]-[2018/10/06 01:44:03] DB Copy: Creating table wpstg1_pmxi_posts
[INFO]-[2018/10/06 01:44:04] DB Copy: Creating table wpstg1_pmxi_templates
[INFO]-[2018/10/06 01:44:04] DB Copy: Creating table wpstg1_pmxi_templates
[INFO]-[2018/10/06 01:44:04] DB Copy: Creating table wpstg1_postmeta
[INFO]-[2018/10/06 01:44:04] DB Copy: wp_postmeta as wpstg1_postmeta from 0 to 10000 records
[INFO]-[2018/10/06 01:44:04] DB Copy: Creating table wpstg1_postmeta
[INFO]-[2018/10/06 01:44:04] DB Copy: wp_postmeta as wpstg1_postmeta from 0 to 10000 records
[INFO]-[2018/10/06 01:44:05] DB Copy: wp_postmeta as wpstg1_postmeta from 10000 to 20000 records
[INFO]-[2018/10/06 01:44:05] DB Copy: wp_postmeta as wpstg1_postmeta from 10000 to 20000 records
[INFO]-[2018/10/06 01:44:05] DB Copy: wp_postmeta as wpstg1_postmeta from 20000 to 30000 records
[INFO]-[2018/10/06 01:44:05] DB Copy: wp_postmeta as wpstg1_postmeta from 20000 to 30000 records
[INFO]-[2018/10/06 01:44:05] DB Copy: Creating table wpstg1_posts
[INFO]-[2018/10/06 01:44:05] DB Copy: wp_posts as wpstg1_posts from 0 to 10000 records
[INFO]-[2018/10/06 01:44:05] DB Copy: Creating table wpstg1_posts
[INFO]-[2018/10/06 01:44:05] DB Copy: wp_posts as wpstg1_posts from 0 to 10000 records
[INFO]-[2018/10/06 01:44:06] DB Copy: Creating table wpstg1_reservation
[INFO]-[2018/10/06 01:44:06] DB Copy: wp_reservation as wpstg1_reservation from 0 to 10000 records
[INFO]-[2018/10/06 01:44:06] DB Copy: Creating table wpstg1_reservation
[INFO]-[2018/10/06 01:44:06] DB Copy: wp_reservation as wpstg1_reservation from 0 to 10000 records
[INFO]-[2018/10/06 01:44:06] DB Copy: Creating table wpstg1_term_relationships
[INFO]-[2018/10/06 01:44:06] DB Copy: wp_term_relationships as wpstg1_term_relationships from 0 to 10000 records
[INFO]-[2018/10/06 01:44:06] DB Copy: Creating table wpstg1_term_relationships
[INFO]-[2018/10/06 01:44:06] DB Copy: wp_term_relationships as wpstg1_term_relationships from 0 to 10000 records
[INFO]-[2018/10/06 01:44:07] DB Copy: Creating table wpstg1_term_taxonomy
[INFO]-[2018/10/06 01:44:07] DB Copy: wp_term_taxonomy as wpstg1_term_taxonomy from 0 to 10000 records
[INFO]-[2018/10/06 01:44:07] DB Copy: Creating table wpstg1_term_taxonomy
[INFO]-[2018/10/06 01:44:07] DB Copy: wp_term_taxonomy as wpstg1_term_taxonomy from 0 to 10000 records
[INFO]-[2018/10/06 01:44:07] DB Copy: Creating table wpstg1_termmeta
[INFO]-[2018/10/06 01:44:07] DB Copy: wp_termmeta as wpstg1_termmeta from 0 to 10000 records
[INFO]-[2018/10/06 01:44:07] DB Copy: Creating table wpstg1_termmeta
[INFO]-[2018/10/06 01:44:07] DB Copy: wp_termmeta as wpstg1_termmeta from 0 to 10000 records
[INFO]-[2018/10/06 01:44:07] DB Copy: Creating table wpstg1_terms
[INFO]-[2018/10/06 01:44:07] DB Copy: wp_terms as wpstg1_terms from 0 to 10000 records
[INFO]-[2018/10/06 01:44:07] DB Copy: Creating table wpstg1_terms
[INFO]-[2018/10/06 01:44:07] DB Copy: wp_terms as wpstg1_terms from 0 to 10000 records
[INFO]-[2018/10/06 01:44:08] DB Copy: Creating table wpstg1_usermeta
[INFO]-[2018/10/06 01:44:08] DB Copy: wp_usermeta as wpstg1_usermeta from 0 to 10000 records
[INFO]-[2018/10/06 01:44:08] DB Copy: Creating table wpstg1_usermeta
[INFO]-[2018/10/06 01:44:08] DB Copy: wp_usermeta as wpstg1_usermeta from 0 to 10000 records
[INFO]-[2018/10/06 01:44:08] DB Copy: Creating table wpstg1_users
[INFO]-[2018/10/06 01:44:08] DB Copy: wp_users as wpstg1_users from 0 to 10000 records
[INFO]-[2018/10/06 01:44:08] DB Copy: Creating table wpstg1_users
[INFO]-[2018/10/06 01:44:08] DB Copy: wp_users as wpstg1_users from 0 to 10000 records
[INFO]-[2018/10/06 01:44:08] DB Copy: Creating table wpstg1_wfBadLeechers
[INFO]-[2018/10/06 01:44:08] DB Copy: Creating table wpstg1_wfBadLeechers
[INFO]-[2018/10/06 01:44:09] DB Copy: Creating table wpstg1_wfBlockedCommentLog
[INFO]-[2018/10/06 01:44:09] DB Copy: Creating table wpstg1_wfBlockedCommentLog
[INFO]-[2018/10/06 01:44:09] DB Copy: Creating table wpstg1_wfBlockedIPLog
[INFO]-[2018/10/06 01:44:09] DB Copy: wp_wfBlockedIPLog as wpstg1_wfBlockedIPLog from 0 to 10000 records
[INFO]-[2018/10/06 01:44:09] DB Copy: Creating table wpstg1_wfBlockedIPLog
[INFO]-[2018/10/06 01:44:09] DB Copy: wp_wfBlockedIPLog as wpstg1_wfBlockedIPLog from 0 to 10000 records
[INFO]-[2018/10/06 01:44:09] DB Copy: Creating table wpstg1_wfBlocks7
[INFO]-[2018/10/06 01:44:09] DB Copy: Creating table wpstg1_wfBlocks7
[INFO]-[2018/10/06 01:44:10] DB Copy: Creating table wpstg1_wfConfig
[INFO]-[2018/10/06 01:44:10] DB Copy: wp_wfConfig as wpstg1_wfConfig from 0 to 10000 records
[INFO]-[2018/10/06 01:44:10] DB Copy: Creating table wpstg1_wfConfig
[INFO]-[2018/10/06 01:44:10] DB Copy: wp_wfConfig as wpstg1_wfConfig from 0 to 10000 records
[INFO]-[2018/10/06 01:44:10] DB Copy: Creating table wpstg1_wfCrawlers
[INFO]-[2018/10/06 01:44:10] DB Copy: wp_wfCrawlers as wpstg1_wfCrawlers from 0 to 10000 records
[INFO]-[2018/10/06 01:44:10] DB Copy: Creating table wpstg1_wfCrawlers
[INFO]-[2018/10/06 01:44:10] DB Copy: wp_wfCrawlers as wpstg1_wfCrawlers from 0 to 10000 records
[INFO]-[2018/10/06 01:44:10] DB Copy: Creating table wpstg1_wfFileChanges
[INFO]-[2018/10/06 01:44:10] DB Copy: Creating table wpstg1_wfFileChanges
[INFO]-[2018/10/06 01:44:11] DB Copy: Creating table wpstg1_wfFileMods
[INFO]-[2018/10/06 01:44:11] DB Copy: wp_wfFileMods as wpstg1_wfFileMods from 0 to 10000 records
[INFO]-[2018/10/06 01:44:11] DB Copy: Creating table wpstg1_wfFileMods
[INFO]-[2018/10/06 01:44:11] DB Copy: wp_wfFileMods as wpstg1_wfFileMods from 0 to 10000 records
[INFO]-[2018/10/06 01:44:11] DB Copy: Creating table wpstg1_wfHits
[INFO]-[2018/10/06 01:44:11] DB Copy: wp_wfHits as wpstg1_wfHits from 0 to 10000 records
[INFO]-[2018/10/06 01:44:11] DB Copy: Creating table wpstg1_wfHits
[INFO]-[2018/10/06 01:44:11] DB Copy: wp_wfHits as wpstg1_wfHits from 0 to 10000 records
[INFO]-[2018/10/06 01:44:11] DB Copy: Creating table wpstg1_wfHoover
[INFO]-[2018/10/06 01:44:11] DB Copy: Creating table wpstg1_wfHoover
[INFO]-[2018/10/06 01:44:12] DB Copy: Creating table wpstg1_wfIssues
[INFO]-[2018/10/06 01:44:12] DB Copy: wp_wfIssues as wpstg1_wfIssues from 0 to 10000 records
[INFO]-[2018/10/06 01:44:12] DB Copy: Creating table wpstg1_wfIssues
[INFO]-[2018/10/06 01:44:12] DB Copy: wp_wfIssues as wpstg1_wfIssues from 0 to 10000 records
[INFO]-[2018/10/06 01:44:12] DB Copy: Creating table wpstg1_wfKnownFileList
[INFO]-[2018/10/06 01:44:12] DB Copy: wp_wfKnownFileList as wpstg1_wfKnownFileList from 0 to 10000 records
[INFO]-[2018/10/06 01:44:12] DB Copy: Creating table wpstg1_wfKnownFileList
[INFO]-[2018/10/06 01:44:12] DB Copy: wp_wfKnownFileList as wpstg1_wfKnownFileList from 0 to 10000 records
[INFO]-[2018/10/06 01:44:12] DB Copy: Creating table wpstg1_wfLeechers
[INFO]-[2018/10/06 01:44:12] DB Copy: wp_wfLeechers as wpstg1_wfLeechers from 0 to 10000 records
[INFO]-[2018/10/06 01:44:12] DB Copy: Creating table wpstg1_wfLeechers
[INFO]-[2018/10/06 01:44:12] DB Copy: wp_wfLeechers as wpstg1_wfLeechers from 0 to 10000 records
[INFO]-[2018/10/06 01:44:13] DB Copy: Creating table wpstg1_wfLiveTrafficHuman
[INFO]-[2018/10/06 01:44:13] DB Copy: wp_wfLiveTrafficHuman as wpstg1_wfLiveTrafficHuman from 0 to 10000 records
[INFO]-[2018/10/06 01:44:13] DB Copy: Creating table wpstg1_wfLiveTrafficHuman
[INFO]-[2018/10/06 01:44:13] DB Copy: wp_wfLiveTrafficHuman as wpstg1_wfLiveTrafficHuman from 0 to 10000 records
[INFO]-[2018/10/06 01:44:13] DB Copy: Creating table wpstg1_wfLocs
[INFO]-[2018/10/06 01:44:13] DB Copy: wp_wfLocs as wpstg1_wfLocs from 0 to 10000 records
[INFO]-[2018/10/06 01:44:13] DB Copy: Creating table wpstg1_wfLocs
[INFO]-[2018/10/06 01:44:13] DB Copy: wp_wfLocs as wpstg1_wfLocs from 0 to 10000 records
[INFO]-[2018/10/06 01:44:13] DB Copy: Creating table wpstg1_wfLogins
[INFO]-[2018/10/06 01:44:13] DB Copy: wp_wfLogins as wpstg1_wfLogins from 0 to 10000 records
[INFO]-[2018/10/06 01:44:13] DB Copy: Creating table wpstg1_wfLogins
[INFO]-[2018/10/06 01:44:13] DB Copy: wp_wfLogins as wpstg1_wfLogins from 0 to 10000 records
[INFO]-[2018/10/06 01:44:14] DB Copy: Creating table wpstg1_wfNet404s
[INFO]-[2018/10/06 01:44:14] DB Copy: Creating table wpstg1_wfNet404s
[INFO]-[2018/10/06 01:44:14] DB Copy: Creating table wpstg1_wfNotifications
[INFO]-[2018/10/06 01:44:14] DB Copy: wp_wfNotifications as wpstg1_wfNotifications from 0 to 10000 records
[INFO]-[2018/10/06 01:44:14] DB Copy: Creating table wpstg1_wfNotifications
[INFO]-[2018/10/06 01:44:14] DB Copy: wp_wfNotifications as wpstg1_wfNotifications from 0 to 10000 records
[INFO]-[2018/10/06 01:44:14] DB Copy: Creating table wpstg1_wfPendingIssues
[INFO]-[2018/10/06 01:44:14] DB Copy: Creating table wpstg1_wfPendingIssues
[INFO]-[2018/10/06 01:44:15] DB Copy: Creating table wpstg1_wfReverseCache
[INFO]-[2018/10/06 01:44:15] DB Copy: wp_wfReverseCache as wpstg1_wfReverseCache from 0 to 10000 records
[INFO]-[2018/10/06 01:44:15] DB Copy: Creating table wpstg1_wfReverseCache
[INFO]-[2018/10/06 01:44:15] DB Copy: wp_wfReverseCache as wpstg1_wfReverseCache from 0 to 10000 records
[INFO]-[2018/10/06 01:44:15] DB Copy: Creating table wpstg1_wfSNIPCache
[INFO]-[2018/10/06 01:44:15] DB Copy: Creating table wpstg1_wfSNIPCache
[INFO]-[2018/10/06 01:44:15] DB Copy: Creating table wpstg1_wfScanners
[INFO]-[2018/10/06 01:44:15] DB Copy: wp_wfScanners as wpstg1_wfScanners from 0 to 10000 records
[INFO]-[2018/10/06 01:44:15] DB Copy: Creating table wpstg1_wfScanners
[INFO]-[2018/10/06 01:44:15] DB Copy: wp_wfScanners as wpstg1_wfScanners from 0 to 10000 records
[INFO]-[2018/10/06 01:44:16] DB Copy: Creating table wpstg1_wfStatus
[INFO]-[2018/10/06 01:44:16] DB Copy: wp_wfStatus as wpstg1_wfStatus from 0 to 10000 records
[INFO]-[2018/10/06 01:44:16] DB Copy: Creating table wpstg1_wfStatus
[INFO]-[2018/10/06 01:44:16] DB Copy: wp_wfStatus as wpstg1_wfStatus from 0 to 10000 records
[INFO]-[2018/10/06 01:44:16] DB Copy: Creating table wpstg1_wfVulnScanners
[INFO]-[2018/10/06 01:44:16] DB Copy: Creating table wpstg1_wfVulnScanners
[INFO]-[2018/10/06 01:44:16] DB Copy: Creating table wpstg1_woocommerce_api_keys
[INFO]-[2018/10/06 01:44:16] DB Copy: Creating table wpstg1_woocommerce_api_keys
[INFO]-[2018/10/06 01:44:17] DB Copy: Creating table wpstg1_woocommerce_attribute_taxonomies
[INFO]-[2018/10/06 01:44:17] DB Copy: Creating table wpstg1_woocommerce_attribute_taxonomies
[INFO]-[2018/10/06 01:44:17] DB Copy: Creating table wpstg1_woocommerce_downloadable_product_permissions
[INFO]-[2018/10/06 01:44:17] DB Copy: Creating table wpstg1_woocommerce_downloadable_product_permissions
[INFO]-[2018/10/06 01:44:17] DB Copy: Creating table wpstg1_woocommerce_log
[INFO]-[2018/10/06 01:44:17] DB Copy: Creating table wpstg1_woocommerce_log
[INFO]-[2018/10/06 01:44:18] DB Copy: Creating table wpstg1_woocommerce_order_itemmeta
[INFO]-[2018/10/06 01:44:18] DB Copy: wp_woocommerce_order_itemmeta as wpstg1_woocommerce_order_itemmeta from 0 to 10000 records
[INFO]-[2018/10/06 01:44:18] DB Copy: Creating table wpstg1_woocommerce_order_itemmeta
[INFO]-[2018/10/06 01:44:18] DB Copy: wp_woocommerce_order_itemmeta as wpstg1_woocommerce_order_itemmeta from 0 to 10000 records
[INFO]-[2018/10/06 01:44:18] DB Copy: Creating table wpstg1_woocommerce_order_items
[INFO]-[2018/10/06 01:44:18] DB Copy: wp_woocommerce_order_items as wpstg1_woocommerce_order_items from 0 to 10000 records
[INFO]-[2018/10/06 01:44:18] DB Copy: Creating table wpstg1_woocommerce_order_items
[INFO]-[2018/10/06 01:44:18] DB Copy: wp_woocommerce_order_items as wpstg1_woocommerce_order_items from 0 to 10000 records
[INFO]-[2018/10/06 01:44:18] DB Copy: Creating table wpstg1_woocommerce_payment_tokenmeta
[INFO]-[2018/10/06 01:44:18] DB Copy: Creating table wpstg1_woocommerce_payment_tokenmeta
[INFO]-[2018/10/06 01:44:19] DB Copy: Creating table wpstg1_woocommerce_payment_tokens
[INFO]-[2018/10/06 01:44:19] DB Copy: Creating table wpstg1_woocommerce_payment_tokens
[INFO]-[2018/10/06 01:44:19] DB Copy: Creating table wpstg1_woocommerce_sessions
[INFO]-[2018/10/06 01:44:19] DB Copy: wp_woocommerce_sessions as wpstg1_woocommerce_sessions from 0 to 10000 records
[INFO]-[2018/10/06 01:44:19] DB Copy: Creating table wpstg1_woocommerce_sessions
[INFO]-[2018/10/06 01:44:19] DB Copy: wp_woocommerce_sessions as wpstg1_woocommerce_sessions from 0 to 10000 records
[INFO]-[2018/10/06 01:44:19] DB Copy: Creating table wpstg1_woocommerce_shipping_zone_locations
[INFO]-[2018/10/06 01:44:19] DB Copy: Creating table wpstg1_woocommerce_shipping_zone_locations
[INFO]-[2018/10/06 01:44:20] DB Copy: Creating table wpstg1_woocommerce_shipping_zone_methods
[INFO]-[2018/10/06 01:44:20] DB Copy: Creating table wpstg1_woocommerce_shipping_zone_methods
[INFO]-[2018/10/06 01:44:20] DB Copy: Creating table wpstg1_woocommerce_shipping_zones
[INFO]-[2018/10/06 01:44:20] DB Copy: Creating table wpstg1_woocommerce_shipping_zones
[INFO]-[2018/10/06 01:44:20] DB Copy: Creating table wpstg1_woocommerce_tax_rate_locations
[INFO]-[2018/10/06 01:44:20] DB Copy: Creating table wpstg1_woocommerce_tax_rate_locations
[INFO]-[2018/10/06 01:44:21] DB Copy: Creating table wpstg1_woocommerce_tax_rates
[INFO]-[2018/10/06 01:44:21] DB Copy: Creating table wpstg1_woocommerce_tax_rates
[INFO]-[2018/10/06 01:44:21] DB Copy: Creating table wpstg1_yoast_seo_links
[INFO]-[2018/10/06 01:44:21] DB Copy: wp_yoast_seo_links as wpstg1_yoast_seo_links from 0 to 10000 records
[INFO]-[2018/10/06 01:44:21] DB Copy: Creating table wpstg1_yoast_seo_links
[INFO]-[2018/10/06 01:44:21] DB Copy: wp_yoast_seo_links as wpstg1_yoast_seo_links from 0 to 10000 records
[INFO]-[2018/10/06 01:44:21] DB Copy: Creating table wpstg1_yoast_seo_meta
[INFO]-[2018/10/06 01:44:21] DB Copy: wp_yoast_seo_meta as wpstg1_yoast_seo_meta from 0 to 10000 records
[INFO]-[2018/10/06 01:44:21] DB Copy: Creating table wpstg1_yoast_seo_meta
[INFO]-[2018/10/06 01:44:21] DB Copy: wp_yoast_seo_meta as wpstg1_yoast_seo_meta from 0 to 10000 records
[]-[] 
[]-[] 
[]-[] 
[]-[] 
[INFO]-[2018/10/06 01:44:22] DB Processing:  Table wpstg1_ab_categories 0 to 5000 records
[INFO]-[2018/10/06 01:44:22] DB Processing:  Table wpstg1_ab_categories 0 to 5000 records
[]-[] 
[]-[] 
[]-[] 
[]-[] 
[]-[] 
[]-[] 
[]-[] 
[]-[] 
[]-[] 
[]-[] 
[INFO]-[2018/10/06 01:44:24] DB Processing:  Table wpstg1_ab_notifications 0 to 5000 records
[INFO]-[2018/10/06 01:44:24] DB Processing:  Table wpstg1_ab_notifications 0 to 5000 records
[]-[] 
[]-[] 
[]-[] 
[]-[] 
[]-[] 
[]-[] 
[]-[] 
[]-[] 
[INFO]-[2018/10/06 01:44:26] DB Processing:  Table wpstg1_ab_services 0 to 5000 records
[INFO]-[2018/10/06 01:44:26] DB Processing:  Table wpstg1_ab_services 0 to 5000 records
[INFO]-[2018/10/06 01:44:26] DB Processing:  Table wpstg1_ab_staff 0 to 5000 records
[INFO]-[2018/10/06 01:44:26] DB Processing:  Table wpstg1_ab_staff 0 to 5000 records
[INFO]-[2018/10/06 01:44:27] DB Processing:  Table wpstg1_ab_staff_schedule_items 0 to 5000 records
[INFO]-[2018/10/06 01:44:27] DB Processing:  Table wpstg1_ab_staff_schedule_items 0 to 5000 records
[]-[] 
[]-[] 
[]-[] 
[]-[] 
[INFO]-[2018/10/06 01:44:28] DB Processing:  Table wpstg1_comments 0 to 5000 records
[INFO]-[2018/10/06 01:44:28] DB Processing:  Table wpstg1_comments 0 to 5000 records
[]-[] 
[]-[] 
[INFO]-[2018/10/06 01:44:28] DB Processing:  Table wpstg1_options 0 to 5000 records
[INFO]-[2018/10/06 01:44:28] DB Processing:  Table wpstg1_options 0 to 5000 records
[]-[] 
[]-[] 
[]-[] 
[]-[] 
[]-[] 
[]-[] 
[]-[] 
[]-[] 
[]-[] 
[]-[] 
[INFO]-[2018/10/06 01:44:30] DB Processing:  Table wpstg1_postmeta 0 to 5000 records
[INFO]-[2018/10/06 01:44:30] DB Processing:  Table wpstg1_postmeta 0 to 5000 records
[INFO]-[2018/10/06 01:44:31] DB Processing:  Table wpstg1_postmeta 5000 to 10000 records
[INFO]-[2018/10/06 01:44:31] DB Processing:  Table wpstg1_postmeta 5000 to 10000 records
[INFO]-[2018/10/06 01:44:31] DB Processing:  Table wpstg1_postmeta 10000 to 15000 records
[INFO]-[2018/10/06 01:44:31] DB Processing:  Table wpstg1_postmeta 10000 to 15000 records
[INFO]-[2018/10/06 01:44:31] DB Processing:  Table wpstg1_postmeta 15000 to 20000 records
[INFO]-[2018/10/06 01:44:31] DB Processing:  Table wpstg1_postmeta 15000 to 20000 records
[INFO]-[2018/10/06 01:44:32] DB Processing:  Table wpstg1_postmeta 20000 to 25000 records
[INFO]-[2018/10/06 01:44:32] DB Processing:  Table wpstg1_postmeta 20000 to 25000 records
[INFO]-[2018/10/06 01:44:32] DB Processing:  Table wpstg1_posts 0 to 5000 records
[INFO]-[2018/10/06 01:44:32] DB Processing:  Table wpstg1_posts 0 to 5000 records
[INFO]-[2018/10/06 01:44:33] DB Processing:  Table wpstg1_reservation 0 to 5000 records
[INFO]-[2018/10/06 01:44:33] DB Processing:  Table wpstg1_reservation 0 to 5000 records
[INFO]-[2018/10/06 01:44:33] DB Processing:  Table wpstg1_term_relationships 0 to 5000 records
[INFO]-[2018/10/06 01:44:33] DB Processing:  Table wpstg1_term_relationships 0 to 5000 records
[INFO]-[2018/10/06 01:44:34] DB Processing:  Table wpstg1_term_taxonomy 0 to 5000 records
[INFO]-[2018/10/06 01:44:34] DB Processing:  Table wpstg1_term_taxonomy 0 to 5000 records
[INFO]-[2018/10/06 01:44:34] DB Processing:  Table wpstg1_termmeta 0 to 5000 records
[INFO]-[2018/10/06 01:44:34] DB Processing:  Table wpstg1_termmeta 0 to 5000 records
[INFO]-[2018/10/06 01:44:34] DB Processing:  Table wpstg1_terms 0 to 5000 records
[INFO]-[2018/10/06 01:44:34] DB Processing:  Table wpstg1_terms 0 to 5000 records
[INFO]-[2018/10/06 01:44:35] DB Processing:  Table wpstg1_usermeta 0 to 5000 records
[INFO]-[2018/10/06 01:44:35] DB Processing:  Table wpstg1_usermeta 0 to 5000 records
[INFO]-[2018/10/06 01:44:35] DB Processing:  Table wpstg1_users 0 to 5000 records
[INFO]-[2018/10/06 01:44:35] DB Processing:  Table wpstg1_users 0 to 5000 records
[]-[] 
[]-[] 
[]-[] 
[]-[] 
[INFO]-[2018/10/06 01:44:36] DB Processing:  Table wpstg1_wfBlockedIPLog 0 to 5000 records
[INFO]-[2018/10/06 01:44:36] DB Processing:  Table wpstg1_wfBlockedIPLog 0 to 5000 records
[]-[] 
[]-[] 
[INFO]-[2018/10/06 01:44:37] DB Processing:  Table wpstg1_wfConfig 0 to 5000 records
[INFO]-[2018/10/06 01:44:37] DB Processing:  Table wpstg1_wfConfig 0 to 5000 records
[INFO]-[2018/10/06 01:44:37] DB Processing:  Table wpstg1_wfCrawlers 0 to 5000 records
[INFO]-[2018/10/06 01:44:37] DB Processing:  Table wpstg1_wfCrawlers 0 to 5000 records
[]-[] 
[]-[] 
[INFO]-[2018/10/06 01:44:38] DB Processing:  Table wpstg1_wfFileMods 0 to 5000 records
[INFO]-[2018/10/06 01:44:38] DB Processing:  Table wpstg1_wfFileMods 0 to 5000 records
[INFO]-[2018/10/06 01:44:38] DB Processing:  Table wpstg1_wfFileMods 5000 to 10000 records
[INFO]-[2018/10/06 01:44:38] DB Processing:  Table wpstg1_wfFileMods 5000 to 10000 records
[INFO]-[2018/10/06 01:44:38] DB Processing:  Table wpstg1_wfHits 0 to 5000 records
[INFO]-[2018/10/06 01:44:38] DB Processing:  Table wpstg1_wfHits 0 to 5000 records
[]-[] 
[]-[] 
[INFO]-[2018/10/06 01:44:39] DB Processing:  Table wpstg1_wfIssues 0 to 5000 records
[INFO]-[2018/10/06 01:44:39] DB Processing:  Table wpstg1_wfIssues 0 to 5000 records
[INFO]-[2018/10/06 01:44:40] DB Processing:  Table wpstg1_wfKnownFileList 0 to 5000 records
[INFO]-[2018/10/06 01:44:40] DB Processing:  Table wpstg1_wfKnownFileList 0 to 5000 records
[INFO]-[2018/10/06 01:44:40] DB Processing:  Table wpstg1_wfKnownFileList 5000 to 10000 records
[INFO]-[2018/10/06 01:44:40] DB Processing:  Table wpstg1_wfKnownFileList 5000 to 10000 records
[INFO]-[2018/10/06 01:44:40] DB Processing:  Table wpstg1_wfLeechers 0 to 5000 records
[INFO]-[2018/10/06 01:44:40] DB Processing:  Table wpstg1_wfLeechers 0 to 5000 records
[INFO]-[2018/10/06 01:44:41] DB Processing:  Table wpstg1_wfLiveTrafficHuman 0 to 5000 records
[INFO]-[2018/10/06 01:44:41] DB Processing:  Table wpstg1_wfLiveTrafficHuman 0 to 5000 records
[INFO]-[2018/10/06 01:44:41] DB Processing:  Table wpstg1_wfLocs 0 to 5000 records
[INFO]-[2018/10/06 01:44:41] DB Processing:  Table wpstg1_wfLocs 0 to 5000 records
[INFO]-[2018/10/06 01:44:41] DB Processing:  Table wpstg1_wfLogins 0 to 5000 records
[INFO]-[2018/10/06 01:44:41] DB Processing:  Table wpstg1_wfLogins 0 to 5000 records
[]-[] 
[]-[] 
[INFO]-[2018/10/06 01:44:42] DB Processing:  Table wpstg1_wfNotifications 0 to 5000 records
[INFO]-[2018/10/06 01:44:42] DB Processing:  Table wpstg1_wfNotifications 0 to 5000 records
[]-[] 
[]-[] 
[INFO]-[2018/10/06 01:44:43] DB Processing:  Table wpstg1_wfReverseCache 0 to 5000 records
[INFO]-[2018/10/06 01:44:43] DB Processing:  Table wpstg1_wfReverseCache 0 to 5000 records
[]-[] 
[]-[] 
[INFO]-[2018/10/06 01:44:43] DB Processing:  Table wpstg1_wfScanners 0 to 5000 records
[INFO]-[2018/10/06 01:44:43] DB Processing:  Table wpstg1_wfScanners 0 to 5000 records
[INFO]-[2018/10/06 01:44:44] DB Processing:  Table wpstg1_wfStatus 0 to 5000 records
[INFO]-[2018/10/06 01:44:44] DB Processing:  Table wpstg1_wfStatus 0 to 5000 records
[]-[] 
[]-[] 
[]-[] 
[]-[] 
[]-[] 
[]-[] 
[]-[] 
[]-[] 
[]-[] 
[]-[] 
[INFO]-[2018/10/06 01:44:46] DB Processing:  Table wpstg1_woocommerce_order_itemmeta 0 to 5000 records
[INFO]-[2018/10/06 01:44:46] DB Processing:  Table wpstg1_woocommerce_order_itemmeta 0 to 5000 records
[INFO]-[2018/10/06 01:44:46] DB Processing:  Table wpstg1_woocommerce_order_itemmeta 5000 to 10000 records
[INFO]-[2018/10/06 01:44:46] DB Processing:  Table wpstg1_woocommerce_order_itemmeta 5000 to 10000 records
[INFO]-[2018/10/06 01:44:46] DB Processing:  Table wpstg1_woocommerce_order_items 0 to 5000 records
[INFO]-[2018/10/06 01:44:46] DB Processing:  Table wpstg1_woocommerce_order_items 0 to 5000 records
[]-[] 
[]-[] 
[]-[] 
[]-[] 
[INFO]-[2018/10/06 01:44:47] DB Processing:  Table wpstg1_woocommerce_sessions 0 to 5000 records
[INFO]-[2018/10/06 01:44:47] DB Processing:  Table wpstg1_woocommerce_sessions 0 to 5000 records
[]-[] 
[]-[] 
[]-[] 
[]-[] 
[]-[] 
[]-[] 
[]-[] 
[]-[] 
[]-[] 
[]-[] 
[INFO]-[2018/10/06 01:44:49] DB Processing:  Table wpstg1_yoast_seo_links 0 to 5000 records
[INFO]-[2018/10/06 01:44:49] DB Processing:  Table wpstg1_yoast_seo_links 0 to 5000 records
[INFO]-[2018/10/06 01:44:50] DB Processing:  Table wpstg1_yoast_seo_meta 0 to 5000 records
[INFO]-[2018/10/06 01:44:50] DB Processing:  Table wpstg1_yoast_seo_meta 0 to 5000 records
[]-[] 
[]-[] 
[INFO]-[2018/10/06 01:44:50] Scanning / for files
[INFO]-[2018/10/06 01:44:50] Scanning / for files
[INFO]-[2018/10/06 01:44:51] Scanning /wp-content for its sub-directories and files
[INFO]-[2018/10/06 01:44:51] Scanning /wp-content for its sub-directories and files
[INFO]-[2018/10/06 01:44:52] Scanning /wp-includes for its sub-directories and files
[INFO]-[2018/10/06 01:44:52] Scanning /wp-includes for its sub-directories and files
[INFO]-[2018/10/06 01:44:53] Scanning /wp-admin for its sub-directories and files
[INFO]-[2018/10/06 01:44:53] Scanning /wp-admin for its sub-directories and files
[INFO]-[2018/10/06 01:44:53] Copying files...
[INFO]-[2018/10/06 01:44:54] Skipping big file: /home/bukerzco/public_html/broomday.com/demo.zip
[INFO]-[2018/10/06 01:44:54] Skipping big file: /home/bukerzco/public_html/broomday.com/mydemo.zip
[INFO]-[2018/10/06 01:44:54] Trying to copy big file: /home/bukerzco/public_html/broomday.com/error_log -> /home/bukerzco/public_html/broomday.com/mynew/error_log
[INFO]-[2018/10/06 01:44:55] Total 50 files processed
[INFO]-[2018/10/06 01:44:53] Copying files...
[INFO]-[2018/10/06 01:44:54] Skipping big file: /home/bukerzco/public_html/broomday.com/demo.zip
[INFO]-[2018/10/06 01:44:54] Skipping big file: /home/bukerzco/public_html/broomday.com/mydemo.zip
[INFO]-[2018/10/06 01:44:54] Trying to copy big file: /home/bukerzco/public_html/broomday.com/error_log -> /home/bukerzco/public_html/broomday.com/mynew/error_log
[INFO]-[2018/10/06 01:44:55] Total 50 files processed
[INFO]-[2018/10/06 01:44:56] Total 100 files processed
[INFO]-[2018/10/06 01:44:56] Total 100 files processed
[INFO]-[2018/10/06 01:44:56] Total 150 files processed
[INFO]-[2018/10/06 01:44:56] Total 150 files processed
[INFO]-[2018/10/06 01:44:56] Total 200 files processed
[INFO]-[2018/10/06 01:44:56] Total 200 files processed
[INFO]-[2018/10/06 01:44:57] Total 250 files processed
[INFO]-[2018/10/06 01:44:57] Total 250 files processed
[INFO]-[2018/10/06 01:44:58] Total 300 files processed
[INFO]-[2018/10/06 01:44:58] Total 300 files processed
[INFO]-[2018/10/06 01:44:58] Total 350 files processed
[INFO]-[2018/10/06 01:44:58] Total 350 files processed
[INFO]-[2018/10/06 01:44:59] Total 400 files processed
[INFO]-[2018/10/06 01:44:59] Total 400 files processed
[INFO]-[2018/10/06 01:45:00] Total 450 files processed
[INFO]-[2018/10/06 01:45:00] Total 450 files processed
[INFO]-[2018/10/06 01:45:00] Total 500 files processed
[INFO]-[2018/10/06 01:45:00] Total 500 files processed
[INFO]-[2018/10/06 01:45:00] Total 550 files processed
[INFO]-[2018/10/06 01:45:00] Total 550 files processed
[INFO]-[2018/10/06 01:45:01] Total 600 files processed
[INFO]-[2018/10/06 01:45:01] Total 600 files processed
[INFO]-[2018/10/06 01:45:02] Total 650 files processed
[INFO]-[2018/10/06 01:45:02] Total 650 files processed
[INFO]-[2018/10/06 01:45:03] Total 700 files processed
[INFO]-[2018/10/06 01:45:03] Total 700 files processed
[INFO]-[2018/10/06 01:45:03] Total 750 files processed
[INFO]-[2018/10/06 01:45:03] Total 750 files processed
[INFO]-[2018/10/06 01:45:04] Total 800 files processed
[INFO]-[2018/10/06 01:45:04] Total 800 files processed
[INFO]-[2018/10/06 01:45:04] Total 850 files processed
[INFO]-[2018/10/06 01:45:04] Total 850 files processed
[INFO]-[2018/10/06 01:45:05] Total 900 files processed
[INFO]-[2018/10/06 01:45:05] Total 900 files processed
[INFO]-[2018/10/06 01:45:06] Total 950 files processed
[INFO]-[2018/10/06 01:45:06] Total 950 files processed
[INFO]-[2018/10/06 01:45:07] Total 1000 files processed
[INFO]-[2018/10/06 01:45:07] Total 1000 files processed
[INFO]-[2018/10/06 01:45:07] Total 1050 files processed
[INFO]-[2018/10/06 01:45:07] Total 1050 files processed
[INFO]-[2018/10/06 01:45:07] Total 1100 files processed
[INFO]-[2018/10/06 01:45:07] Total 1100 files processed
[INFO]-[2018/10/06 01:45:09] Total 1150 files processed
[INFO]-[2018/10/06 01:45:09] Total 1150 files processed
[INFO]-[2018/10/06 01:45:10] Total 1200 files processed
[INFO]-[2018/10/06 01:45:10] Total 1200 files processed
[INFO]-[2018/10/06 01:45:11] Total 1250 files processed
[INFO]-[2018/10/06 01:45:11] Total 1250 files processed
[INFO]-[2018/10/06 01:45:12] Total 1300 files processed
[INFO]-[2018/10/06 01:45:12] Total 1300 files processed
[INFO]-[2018/10/06 01:45:13] Total 1350 files processed
[INFO]-[2018/10/06 01:45:13] Total 1350 files processed
[INFO]-[2018/10/06 01:45:13] Total 1400 files processed
[INFO]-[2018/10/06 01:45:13] Total 1400 files processed
[INFO]-[2018/10/06 01:45:13] Total 1450 files processed
[INFO]-[2018/10/06 01:45:13] Total 1450 files processed
[INFO]-[2018/10/06 01:45:14] Total 1500 files processed
[INFO]-[2018/10/06 01:45:14] Total 1500 files processed
[INFO]-[2018/10/06 01:45:15] Total 1550 files processed
[INFO]-[2018/10/06 01:45:15] Total 1550 files processed
[INFO]-[2018/10/06 01:45:15] Total 1600 files processed
[INFO]-[2018/10/06 01:45:15] Total 1600 files processed
[INFO]-[2018/10/06 01:45:16] Total 1650 files processed
[INFO]-[2018/10/06 01:45:16] Total 1650 files processed
[INFO]-[2018/10/06 01:45:17] Total 1700 files processed
[INFO]-[2018/10/06 01:45:17] Total 1700 files processed
[INFO]-[2018/10/06 01:45:17] Trying to copy big file: /home/bukerzco/public_html/broomday.com/wp-content/themes/Avada/avada-plugins.zip -> /home/bukerzco/public_html/broomday.com/mynew/wp-content/themes/Avada/avada-plugins.zip
[INFO]-[2018/10/06 01:45:20] Total 1750 files processed
[INFO]-[2018/10/06 01:45:17] Trying to copy big file: /home/bukerzco/public_html/broomday.com/wp-content/themes/Avada/avada-plugins.zip -> /home/bukerzco/public_html/broomday.com/mynew/wp-content/themes/Avada/avada-plugins.zip
[INFO]-[2018/10/06 01:45:20] Total 1750 files processed
[INFO]-[2018/10/06 01:45:21] Total 1800 files processed
[INFO]-[2018/10/06 01:45:21] Total 1800 files processed
[INFO]-[2018/10/06 01:45:22] Total 1850 files processed
[INFO]-[2018/10/06 01:45:22] Total 1850 files processed
[INFO]-[2018/10/06 01:45:23] Total 1900 files processed
[INFO]-[2018/10/06 01:45:23] Total 1900 files processed
[INFO]-[2018/10/06 01:45:23] Total 1950 files processed
[INFO]-[2018/10/06 01:45:23] Total 1950 files processed
[INFO]-[2018/10/06 01:45:24] Total 2000 files processed
[INFO]-[2018/10/06 01:45:24] Total 2000 files processed
[INFO]-[2018/10/06 01:45:25] Total 2050 files processed
[INFO]-[2018/10/06 01:45:25] Total 2050 files processed
[INFO]-[2018/10/06 01:45:26] Total 2100 files processed
[INFO]-[2018/10/06 01:45:26] Total 2100 files processed
[INFO]-[2018/10/06 01:45:28] Total 2150 files processed
[INFO]-[2018/10/06 01:45:28] Total 2150 files processed
[INFO]-[2018/10/06 01:45:28] Total 2200 files processed
[INFO]-[2018/10/06 01:45:28] Total 2200 files processed
[INFO]-[2018/10/06 01:45:30] Total 2250 files processed
[INFO]-[2018/10/06 01:45:30] Total 2250 files processed
[INFO]-[2018/10/06 01:45:31] Total 2300 files processed
[INFO]-[2018/10/06 01:45:31] Total 2300 files processed
[INFO]-[2018/10/06 01:45:31] Trying to copy big file: /home/bukerzco/public_html/broomday.com/wp-content/uploads/2017/05/hi5-1.jpg -> /home/bukerzco/public_html/broomday.com/mynew/wp-content/uploads/2017/05/hi5-1.jpg
[INFO]-[2018/10/06 01:45:33] Total 2350 files processed
[INFO]-[2018/10/06 01:45:31] Trying to copy big file: /home/bukerzco/public_html/broomday.com/wp-content/uploads/2017/05/hi5-1.jpg -> /home/bukerzco/public_html/broomday.com/mynew/wp-content/uploads/2017/05/hi5-1.jpg
[INFO]-[2018/10/06 01:45:33] Total 2350 files processed
[INFO]-[2018/10/06 01:45:34] Trying to copy big file: /home/bukerzco/public_html/broomday.com/wp-content/uploads/2017/05/hi5.jpg -> /home/bukerzco/public_html/broomday.com/mynew/wp-content/uploads/2017/05/hi5.jpg
[INFO]-[2018/10/06 01:45:35] Total 2400 files processed
[INFO]-[2018/10/06 01:45:34] Trying to copy big file: /home/bukerzco/public_html/broomday.com/wp-content/uploads/2017/05/hi5.jpg -> /home/bukerzco/public_html/broomday.com/mynew/wp-content/uploads/2017/05/hi5.jpg
[INFO]-[2018/10/06 01:45:35] Total 2400 files processed
[INFO]-[2018/10/06 01:45:37] Trying to copy big file: /home/bukerzco/public_html/broomday.com/wp-content/uploads/2017/10/contratacionsep-01.jpg -> /home/bukerzco/public_html/broomday.com/mynew/wp-content/uploads/2017/10/contratacionsep-01.jpg
[INFO]-[2018/10/06 01:45:38] Trying to copy big file: /home/bukerzco/public_html/broomday.com/wp-content/uploads/2017/10/encuentra24-01.jpg -> /home/bukerzco/public_html/broomday.com/mynew/wp-content/uploads/2017/10/encuentra24-01.jpg
[INFO]-[2018/10/06 01:45:41] Total 2450 files processed
[INFO]-[2018/10/06 01:45:37] Trying to copy big file: /home/bukerzco/public_html/broomday.com/wp-content/uploads/2017/10/contratacionsep-01.jpg -> /home/bukerzco/public_html/broomday.com/mynew/wp-content/uploads/2017/10/contratacionsep-01.jpg
[INFO]-[2018/10/06 01:45:38] Trying to copy big file: /home/bukerzco/public_html/broomday.com/wp-content/uploads/2017/10/encuentra24-01.jpg -> /home/bukerzco/public_html/broomday.com/mynew/wp-content/uploads/2017/10/encuentra24-01.jpg
[INFO]-[2018/10/06 01:45:41] Total 2450 files processed
[INFO]-[2018/10/06 01:45:42] Total 2500 files processed
[INFO]-[2018/10/06 01:45:42] Total 2500 files processed
[INFO]-[2018/10/06 01:45:44] Total 2550 files processed
[INFO]-[2018/10/06 01:45:44] Total 2550 files processed
[INFO]-[2018/10/06 01:45:44] Total 2600 files processed
[INFO]-[2018/10/06 01:45:44] Total 2600 files processed
[INFO]-[2018/10/06 01:45:45] Total 2650 files processed
[INFO]-[2018/10/06 01:45:45] Total 2650 files processed
[INFO]-[2018/10/06 01:45:47] Total 2700 files processed
[INFO]-[2018/10/06 01:45:47] Total 2700 files processed
[INFO]-[2018/10/06 01:45:49] Total 2750 files processed
[INFO]-[2018/10/06 01:45:49] Total 2750 files processed
[INFO]-[2018/10/06 01:45:52] Total 2800 files processed
[INFO]-[2018/10/06 01:45:52] Total 2800 files processed
[INFO]-[2018/10/06 01:45:53] Total 2850 files processed
[INFO]-[2018/10/06 01:45:53] Total 2850 files processed
[INFO]-[2018/10/06 01:45:55] Total 2900 files processed
[INFO]-[2018/10/06 01:45:55] Total 2900 files processed
[INFO]-[2018/10/06 01:45:56] Total 2950 files processed
[INFO]-[2018/10/06 01:45:56] Total 2950 files processed
[INFO]-[2018/10/06 01:45:58] Total 3000 files processed
[INFO]-[2018/10/06 01:45:58] Total 3000 files processed
[INFO]-[2018/10/06 01:45:59] Trying to copy big file: /home/bukerzco/public_html/broomday.com/wp-content/uploads/2016/10/Sin-título-2-01.jpg -> /home/bukerzco/public_html/broomday.com/mynew/wp-content/uploads/2016/10/Sin-título-2-01.jpg
[INFO]-[2018/10/06 01:46:03] Trying to copy big file: /home/bukerzco/public_html/broomday.com/wp-content/uploads/2016/10/2222222-01.jpg -> /home/bukerzco/public_html/broomday.com/mynew/wp-content/uploads/2016/10/2222222-01.jpg
[INFO]-[2018/10/06 01:46:06] Trying to copy big file: /home/bukerzco/public_html/broomday.com/wp-content/uploads/2016/10/2222222-01-1.jpg -> /home/bukerzco/public_html/broomday.com/mynew/wp-content/uploads/2016/10/2222222-01-1.jpg
[INFO]-[2018/10/06 01:46:10] Total 3050 files processed
[INFO]-[2018/10/06 01:45:59] Trying to copy big file: /home/bukerzco/public_html/broomday.com/wp-content/uploads/2016/10/Sin-título-2-01.jpg -> /home/bukerzco/public_html/broomday.com/mynew/wp-content/uploads/2016/10/Sin-título-2-01.jpg
[INFO]-[2018/10/06 01:46:03] Trying to copy big file: /home/bukerzco/public_html/broomday.com/wp-content/uploads/2016/10/2222222-01.jpg -> /home/bukerzco/public_html/broomday.com/mynew/wp-content/uploads/2016/10/2222222-01.jpg
[INFO]-[2018/10/06 01:46:06] Trying to copy big file: /home/bukerzco/public_html/broomday.com/wp-content/uploads/2016/10/2222222-01-1.jpg -> /home/bukerzco/public_html/broomday.com/mynew/wp-content/uploads/2016/10/2222222-01-1.jpg
[INFO]-[2018/10/06 01:46:10] Total 3050 files processed
[INFO]-[2018/10/06 01:46:10] Trying to copy big file: /home/bukerzco/public_html/broomday.com/wp-content/uploads/GeoIPv6.dat -> /home/bukerzco/public_html/broomday.com/mynew/wp-content/uploads/GeoIPv6.dat
[INFO]-[2018/10/06 01:46:12] Total 3100 files processed
[INFO]-[2018/10/06 01:46:10] Trying to copy big file: /home/bukerzco/public_html/broomday.com/wp-content/uploads/GeoIPv6.dat -> /home/bukerzco/public_html/broomday.com/mynew/wp-content/uploads/GeoIPv6.dat
[INFO]-[2018/10/06 01:46:12] Total 3100 files processed
[INFO]-[2018/10/06 01:46:13] Total 3150 files processed
[INFO]-[2018/10/06 01:46:13] Total 3150 files processed
[INFO]-[2018/10/06 01:46:13] Total 3200 files processed
[INFO]-[2018/10/06 01:46:13] Total 3200 files processed
[INFO]-[2018/10/06 01:46:15] Total 3250 files processed
[INFO]-[2018/10/06 01:46:15] Total 3250 files processed
[INFO]-[2018/10/06 01:46:15] Total 3300 files processed
[INFO]-[2018/10/06 01:46:15] Total 3300 files processed
[INFO]-[2018/10/06 01:46:15] Total 3350 files processed
[INFO]-[2018/10/06 01:46:15] Total 3350 files processed
[INFO]-[2018/10/06 01:46:16] Total 3400 files processed
[INFO]-[2018/10/06 01:46:16] Total 3400 files processed
[INFO]-[2018/10/06 01:46:16] Total 3450 files processed
[INFO]-[2018/10/06 01:46:16] Total 3450 files processed
[INFO]-[2018/10/06 01:46:17] Total 3500 files processed
[INFO]-[2018/10/06 01:46:17] Total 3500 files processed
[INFO]-[2018/10/06 01:46:18] Total 3550 files processed
[INFO]-[2018/10/06 01:46:18] Total 3550 files processed
[INFO]-[2018/10/06 01:46:18] Total 3600 files processed
[INFO]-[2018/10/06 01:46:18] Total 3600 files processed
[INFO]-[2018/10/06 01:46:19] Total 3650 files processed
[INFO]-[2018/10/06 01:46:19] Total 3650 files processed
[INFO]-[2018/10/06 01:46:19] Total 3700 files processed
[INFO]-[2018/10/06 01:46:19] Total 3700 files processed
[INFO]-[2018/10/06 01:46:20] Total 3750 files processed
[INFO]-[2018/10/06 01:46:20] Total 3750 files processed
[INFO]-[2018/10/06 01:46:21] Total 3800 files processed
[INFO]-[2018/10/06 01:46:21] Total 3800 files processed
[INFO]-[2018/10/06 01:46:21] Total 3850 files processed
[INFO]-[2018/10/06 01:46:21] Total 3850 files processed
[INFO]-[2018/10/06 01:46:21] Total 3900 files processed
[INFO]-[2018/10/06 01:46:21] Total 3900 files processed
[INFO]-[2018/10/06 01:46:22] Total 3950 files processed
[INFO]-[2018/10/06 01:46:22] Total 3950 files processed
[INFO]-[2018/10/06 01:46:23] Total 4000 files processed
[INFO]-[2018/10/06 01:46:23] Total 4000 files processed
[INFO]-[2018/10/06 01:46:24] Total 4050 files processed
[INFO]-[2018/10/06 01:46:24] Total 4050 files processed
[INFO]-[2018/10/06 01:46:24] Total 4100 files processed
[INFO]-[2018/10/06 01:46:24] Total 4100 files processed
[INFO]-[2018/10/06 01:46:24] Total 4150 files processed
[INFO]-[2018/10/06 01:46:24] Total 4150 files processed
[INFO]-[2018/10/06 01:46:25] Total 4200 files processed
[INFO]-[2018/10/06 01:46:25] Total 4200 files processed
[INFO]-[2018/10/06 01:46:26] Total 4250 files processed
[INFO]-[2018/10/06 01:46:26] Total 4250 files processed
[INFO]-[2018/10/06 01:46:27] Total 4300 files processed
[INFO]-[2018/10/06 01:46:27] Total 4300 files processed
[INFO]-[2018/10/06 01:46:27] Total 4350 files processed
[INFO]-[2018/10/06 01:46:27] Total 4350 files processed
[INFO]-[2018/10/06 01:46:27] Total 4400 files processed
[INFO]-[2018/10/06 01:46:27] Total 4400 files processed
[INFO]-[2018/10/06 01:46:28] Total 4450 files processed
[INFO]-[2018/10/06 01:46:28] Total 4450 files processed
[INFO]-[2018/10/06 01:46:28] Total 4500 files processed
[INFO]-[2018/10/06 01:46:28] Total 4500 files processed
[INFO]-[2018/10/06 01:46:29] Total 4550 files processed
[INFO]-[2018/10/06 01:46:29] Total 4550 files processed
[INFO]-[2018/10/06 01:46:30] Total 4600 files processed
[INFO]-[2018/10/06 01:46:30] Total 4600 files processed
[INFO]-[2018/10/06 01:46:30] Total 4650 files processed
[INFO]-[2018/10/06 01:46:30] Total 4650 files processed
[INFO]-[2018/10/06 01:46:30] Total 4700 files processed
[INFO]-[2018/10/06 01:46:30] Total 4700 files processed
[INFO]-[2018/10/06 01:46:31] Total 4750 files processed
[INFO]-[2018/10/06 01:46:31] Total 4750 files processed
[INFO]-[2018/10/06 01:46:31] Total 4800 files processed
[INFO]-[2018/10/06 01:46:31] Total 4800 files processed
[INFO]-[2018/10/06 01:46:33] Total 4850 files processed
[INFO]-[2018/10/06 01:46:33] Total 4850 files processed
[INFO]-[2018/10/06 01:46:33] Total 4900 files processed
[INFO]-[2018/10/06 01:46:33] Total 4900 files processed
[INFO]-[2018/10/06 01:46:33] Total 4950 files processed
[INFO]-[2018/10/06 01:46:33] Total 4950 files processed
[INFO]-[2018/10/06 01:46:34] Total 5000 files processed
[INFO]-[2018/10/06 01:46:34] Total 5000 files processed
[INFO]-[2018/10/06 01:46:35] Total 5050 files processed
[INFO]-[2018/10/06 01:46:35] Total 5050 files processed
[INFO]-[2018/10/06 01:46:37] Total 5100 files processed
[INFO]-[2018/10/06 01:46:37] Total 5100 files processed
[INFO]-[2018/10/06 01:46:38] Total 5150 files processed
[INFO]-[2018/10/06 01:46:38] Total 5150 files processed
[INFO]-[2018/10/06 01:46:39] Total 5200 files processed
[INFO]-[2018/10/06 01:46:39] Total 5200 files processed
[INFO]-[2018/10/06 01:46:39] Total 5250 files processed
[INFO]-[2018/10/06 01:46:39] Total 5250 files processed
[INFO]-[2018/10/06 01:46:41] Total 5300 files processed
[INFO]-[2018/10/06 01:46:41] Total 5300 files processed
[INFO]-[2018/10/06 01:46:41] Total 5350 files processed
[INFO]-[2018/10/06 01:46:41] Total 5350 files processed
[INFO]-[2018/10/06 01:46:42] Total 5400 files processed
[INFO]-[2018/10/06 01:46:42] Total 5400 files processed
[INFO]-[2018/10/06 01:46:43] Total 5450 files processed
[INFO]-[2018/10/06 01:46:43] Total 5450 files processed
[INFO]-[2018/10/06 01:46:43] Total 5500 files processed
[INFO]-[2018/10/06 01:46:43] Total 5500 files processed
[INFO]-[2018/10/06 01:46:43] Total 5550 files processed
[INFO]-[2018/10/06 01:46:43] Total 5550 files processed
[INFO]-[2018/10/06 01:46:44] Total 5600 files processed
[INFO]-[2018/10/06 01:46:44] Total 5600 files processed
[INFO]-[2018/10/06 01:46:44] Total 5650 files processed
[INFO]-[2018/10/06 01:46:44] Total 5650 files processed
[INFO]-[2018/10/06 01:46:45] Total 5700 files processed
[INFO]-[2018/10/06 01:46:45] Total 5700 files processed
[INFO]-[2018/10/06 01:46:46] Total 5750 files processed
[INFO]-[2018/10/06 01:46:46] Total 5750 files processed
[INFO]-[2018/10/06 01:46:46] Total 5800 files processed
[INFO]-[2018/10/06 01:46:46] Total 5800 files processed
[INFO]-[2018/10/06 01:46:46] Total 5850 files processed
[INFO]-[2018/10/06 01:46:46] Total 5850 files processed
[INFO]-[2018/10/06 01:46:48] Total 5900 files processed
[INFO]-[2018/10/06 01:46:48] Total 5900 files processed
[INFO]-[2018/10/06 01:46:48] Total 5950 files processed
[INFO]-[2018/10/06 01:46:48] Total 5950 files processed
[INFO]-[2018/10/06 01:46:49] Total 6000 files processed
[INFO]-[2018/10/06 01:46:49] Total 6000 files processed
[INFO]-[2018/10/06 01:46:50] Total 6050 files processed
[INFO]-[2018/10/06 01:46:50] Total 6050 files processed
[INFO]-[2018/10/06 01:46:51] Total 6100 files processed
[INFO]-[2018/10/06 01:46:51] Total 6100 files processed
[INFO]-[2018/10/06 01:46:52] Total 6150 files processed
[INFO]-[2018/10/06 01:46:52] Total 6150 files processed
[INFO]-[2018/10/06 01:46:53] Total 6200 files processed
[INFO]-[2018/10/06 01:46:53] Total 6200 files processed
[INFO]-[2018/10/06 01:46:54] Total 6250 files processed
[INFO]-[2018/10/06 01:46:54] Total 6250 files processed
[INFO]-[2018/10/06 01:46:54] Total 6300 files processed
[INFO]-[2018/10/06 01:46:54] Total 6300 files processed
[INFO]-[2018/10/06 01:46:55] Total 6350 files processed
[INFO]-[2018/10/06 01:46:55] Total 6350 files processed
[INFO]-[2018/10/06 01:46:55] Total 6400 files processed
[INFO]-[2018/10/06 01:46:55] Total 6400 files processed
[INFO]-[2018/10/06 01:46:56] Total 6450 files processed
[INFO]-[2018/10/06 01:46:56] Total 6450 files processed
[INFO]-[2018/10/06 01:46:57] Total 6500 files processed
[INFO]-[2018/10/06 01:46:57] Total 6500 files processed
[INFO]-[2018/10/06 01:46:57] Total 6550 files processed
[INFO]-[2018/10/06 01:46:57] Total 6550 files processed
[INFO]-[2018/10/06 01:46:58] Total 6600 files processed
[INFO]-[2018/10/06 01:46:58] Total 6600 files processed
[INFO]-[2018/10/06 01:46:59] Total 6650 files processed
[INFO]-[2018/10/06 01:46:59] Total 6650 files processed
[INFO]-[2018/10/06 01:47:00] Total 6700 files processed
[INFO]-[2018/10/06 01:47:00] Total 6700 files processed
[INFO]-[2018/10/06 01:47:01] Total 6750 files processed
[INFO]-[2018/10/06 01:47:01] Total 6750 files processed
[INFO]-[2018/10/06 01:47:02] Total 6800 files processed
[INFO]-[2018/10/06 01:47:02] Total 6800 files processed
[INFO]-[2018/10/06 01:47:02] Total 6850 files processed
[INFO]-[2018/10/06 01:47:02] Total 6850 files processed
[INFO]-[2018/10/06 01:47:03] Total 6900 files processed
[INFO]-[2018/10/06 01:47:03] Total 6900 files processed
[INFO]-[2018/10/06 01:47:04] Total 6950 files processed
[INFO]-[2018/10/06 01:47:04] Total 6950 files processed
[INFO]-[2018/10/06 01:47:05] Total 7000 files processed
[INFO]-[2018/10/06 01:47:05] Total 7000 files processed
[INFO]-[2018/10/06 01:47:05] Total 7050 files processed
[INFO]-[2018/10/06 01:47:05] Total 7050 files processed
[INFO]-[2018/10/06 01:47:06] Total 7100 files processed
[INFO]-[2018/10/06 01:47:06] Total 7100 files processed
[INFO]-[2018/10/06 01:47:06] Total 7150 files processed
[INFO]-[2018/10/06 01:47:06] Total 7150 files processed
[INFO]-[2018/10/06 01:47:07] Total 7200 files processed
[INFO]-[2018/10/06 01:47:07] Total 7200 files processed
[INFO]-[2018/10/06 01:47:08] Total 7250 files processed
[INFO]-[2018/10/06 01:47:08] Total 7250 files processed
[INFO]-[2018/10/06 01:47:09] Total 7300 files processed
[INFO]-[2018/10/06 01:47:09] Total 7300 files processed
[INFO]-[2018/10/06 01:47:10] Total 7350 files processed
[INFO]-[2018/10/06 01:47:10] Total 7350 files processed
[INFO]-[2018/10/06 01:47:10] Total 7400 files processed
[INFO]-[2018/10/06 01:47:10] Total 7400 files processed
[INFO]-[2018/10/06 01:47:10] Total 7450 files processed
[INFO]-[2018/10/06 01:47:10] Total 7450 files processed
[INFO]-[2018/10/06 01:47:11] Total 7500 files processed
[INFO]-[2018/10/06 01:47:11] Total 7500 files processed
[INFO]-[2018/10/06 01:47:11] Total 7550 files processed
[INFO]-[2018/10/06 01:47:11] Total 7550 files processed
[INFO]-[2018/10/06 01:47:12] Total 7600 files processed
[INFO]-[2018/10/06 01:47:12] Total 7600 files processed
[INFO]-[2018/10/06 01:47:12] Total 7650 files processed
[INFO]-[2018/10/06 01:47:12] Total 7650 files processed
[INFO]-[2018/10/06 01:47:13] Total 7700 files processed
[INFO]-[2018/10/06 01:47:13] Total 7700 files processed
[INFO]-[2018/10/06 01:47:13] Total 7750 files processed
[INFO]-[2018/10/06 01:47:13] Total 7750 files processed
[INFO]-[2018/10/06 01:47:14] Total 7800 files processed
[INFO]-[2018/10/06 01:47:14] Total 7800 files processed
[INFO]-[2018/10/06 01:47:14] Total 7850 files processed
[INFO]-[2018/10/06 01:47:14] Total 7850 files processed
[INFO]-[2018/10/06 01:47:15] Total 7900 files processed
[INFO]-[2018/10/06 01:47:15] Total 7900 files processed
[INFO]-[2018/10/06 01:47:15] Total 7950 files processed
[INFO]-[2018/10/06 01:47:15] Total 7950 files processed
[INFO]-[2018/10/06 01:47:16] Total 8000 files processed
[INFO]-[2018/10/06 01:47:16] Total 8000 files processed
[INFO]-[2018/10/06 01:47:17] Total 8050 files processed
[INFO]-[2018/10/06 01:47:17] Total 8050 files processed
[INFO]-[2018/10/06 01:47:20] Total 8100 files processed
[INFO]-[2018/10/06 01:47:20] Total 8100 files processed
[INFO]-[2018/10/06 01:47:21] Total 8150 files processed
[INFO]-[2018/10/06 01:47:21] Total 8150 files processed
[INFO]-[2018/10/06 01:47:21] Total 8200 files processed
[INFO]-[2018/10/06 01:47:21] Total 8200 files processed
[INFO]-[2018/10/06 01:47:22] Total 8250 files processed
[INFO]-[2018/10/06 01:47:22] Total 8250 files processed
[INFO]-[2018/10/06 01:47:24] Total 8300 files processed
[INFO]-[2018/10/06 01:47:24] Total 8300 files processed
[INFO]-[2018/10/06 01:47:24] Total 8350 files processed
[INFO]-[2018/10/06 01:47:24] Total 8350 files processed
[INFO]-[2018/10/06 01:47:25] Total 8400 files processed
[INFO]-[2018/10/06 01:47:25] Total 8400 files processed
[INFO]-[2018/10/06 01:47:26] Total 8450 files processed
[INFO]-[2018/10/06 01:47:26] Total 8450 files processed
[INFO]-[2018/10/06 01:47:27] Total 8500 files processed
[INFO]-[2018/10/06 01:47:27] Total 8500 files processed
[INFO]-[2018/10/06 01:47:28] Total 8550 files processed
[INFO]-[2018/10/06 01:47:28] Total 8550 files processed
[INFO]-[2018/10/06 01:47:29] Total 8600 files processed
[INFO]-[2018/10/06 01:47:29] Total 8600 files processed
[INFO]-[2018/10/06 01:47:30] Total 8650 files processed
[INFO]-[2018/10/06 01:47:30] Total 8650 files processed
[INFO]-[2018/10/06 01:47:31] Total 8700 files processed
[INFO]-[2018/10/06 01:47:31] Total 8700 files processed
[INFO]-[2018/10/06 01:47:33] Total 8750 files processed
[INFO]-[2018/10/06 01:47:33] Total 8750 files processed
[INFO]-[2018/10/06 01:47:34] Total 8800 files processed
[INFO]-[2018/10/06 01:47:34] Total 8800 files processed
[INFO]-[2018/10/06 01:47:35] Total 8850 files processed
[INFO]-[2018/10/06 01:47:35] Total 8850 files processed
[INFO]-[2018/10/06 01:47:36] Total 8900 files processed
[INFO]-[2018/10/06 01:47:36] Total 8900 files processed
[INFO]-[2018/10/06 01:47:37] Total 8950 files processed
[INFO]-[2018/10/06 01:47:37] Total 8950 files processed
[INFO]-[2018/10/06 01:47:39] Total 9000 files processed
[INFO]-[2018/10/06 01:47:39] Total 9000 files processed
[INFO]-[2018/10/06 01:47:42] Total 9050 files processed
[INFO]-[2018/10/06 01:47:42] Total 9050 files processed
[INFO]-[2018/10/06 01:47:42] Total 9100 files processed
[INFO]-[2018/10/06 01:47:42] Total 9100 files processed
[INFO]-[2018/10/06 01:47:42] Total 9150 files processed
[INFO]-[2018/10/06 01:47:42] Total 9150 files processed
[INFO]-[2018/10/06 01:47:43] Total 9200 files processed
[INFO]-[2018/10/06 01:47:43] Total 9200 files processed
[INFO]-[2018/10/06 01:47:43] Total 9250 files processed
[INFO]-[2018/10/06 01:47:43] Total 9250 files processed
[INFO]-[2018/10/06 01:47:44] Total 9300 files processed
[INFO]-[2018/10/06 01:47:44] Total 9300 files processed
[INFO]-[2018/10/06 01:47:44] Total 9350 files processed
[INFO]-[2018/10/06 01:47:44] Total 9350 files processed
[INFO]-[2018/10/06 01:47:45] Total 9400 files processed
[INFO]-[2018/10/06 01:47:45] Total 9400 files processed
[INFO]-[2018/10/06 01:47:46] Total 9450 files processed
[INFO]-[2018/10/06 01:47:46] Total 9450 files processed
[INFO]-[2018/10/06 01:47:48] Total 9500 files processed
[INFO]-[2018/10/06 01:47:48] Total 9500 files processed
[INFO]-[2018/10/06 01:47:48] Total 9550 files processed
[INFO]-[2018/10/06 01:47:48] Total 9550 files processed
[INFO]-[2018/10/06 01:47:48] Total 9600 files processed
[INFO]-[2018/10/06 01:47:48] Total 9600 files processed
[INFO]-[2018/10/06 01:47:49] Total 9650 files processed
[INFO]-[2018/10/06 01:47:49] Total 9650 files processed
[INFO]-[2018/10/06 01:47:50] Total 9700 files processed
[INFO]-[2018/10/06 01:47:50] Total 9700 files processed
[INFO]-[2018/10/06 01:47:51] Total 9750 files processed
[INFO]-[2018/10/06 01:47:51] Total 9750 files processed
[INFO]-[2018/10/06 01:47:53] Total 9800 files processed
[INFO]-[2018/10/06 01:47:53] Total 9800 files processed
[INFO]-[2018/10/06 01:47:53] Total 9850 files processed
[INFO]-[2018/10/06 01:47:53] Total 9850 files processed
[INFO]-[2018/10/06 01:47:54] Total 9900 files processed
[INFO]-[2018/10/06 01:47:54] Total 9900 files processed
[INFO]-[2018/10/06 01:47:54] Total 9950 files processed
[INFO]-[2018/10/06 01:47:54] Total 9950 files processed
[INFO]-[2018/10/06 01:47:56] Total 10000 files processed
[INFO]-[2018/10/06 01:47:56] Total 10000 files processed
[INFO]-[2018/10/06 01:47:57] Total 10050 files processed
[INFO]-[2018/10/06 01:47:57] Total 10050 files processed
[INFO]-[2018/10/06 01:47:58] Total 10100 files processed
[INFO]-[2018/10/06 01:47:58] Total 10100 files processed
[INFO]-[2018/10/06 01:47:58] Trying to copy big file: /home/bukerzco/public_html/broomday.com/wp-content/plugins/woocommerce.zip -> /home/bukerzco/public_html/broomday.com/mynew/wp-content/plugins/woocommerce.zip
[INFO]-[2018/10/06 01:47:59] Total 10150 files processed
[INFO]-[2018/10/06 01:47:58] Trying to copy big file: /home/bukerzco/public_html/broomday.com/wp-content/plugins/woocommerce.zip -> /home/bukerzco/public_html/broomday.com/mynew/wp-content/plugins/woocommerce.zip
[INFO]-[2018/10/06 01:47:59] Total 10150 files processed
[INFO]-[2018/10/06 01:48:00] Total 10200 files processed
[INFO]-[2018/10/06 01:48:00] Total 10200 files processed
[INFO]-[2018/10/06 01:48:01] Total 10250 files processed
[INFO]-[2018/10/06 01:48:01] Total 10250 files processed
[INFO]-[2018/10/06 01:48:01] Total 10300 files processed
[INFO]-[2018/10/06 01:48:01] Total 10300 files processed
[INFO]-[2018/10/06 01:48:02] Total 10350 files processed
[INFO]-[2018/10/06 01:48:02] Total 10350 files processed
[INFO]-[2018/10/06 01:48:02] Total 10400 files processed
[INFO]-[2018/10/06 01:48:02] Total 10400 files processed
[INFO]-[2018/10/06 01:48:03] Total 10450 files processed
[INFO]-[2018/10/06 01:48:03] Total 10450 files processed
[INFO]-[2018/10/06 01:48:03] Total 10500 files processed
[INFO]-[2018/10/06 01:48:03] Total 10500 files processed
[INFO]-[2018/10/06 01:48:04] Total 10550 files processed
[INFO]-[2018/10/06 01:48:04] Total 10550 files processed
[INFO]-[2018/10/06 01:48:04] Total 10600 files processed
[INFO]-[2018/10/06 01:48:04] Total 10600 files processed
[INFO]-[2018/10/06 01:48:05] Total 10650 files processed
[INFO]-[2018/10/06 01:48:05] Total 10650 files processed
[INFO]-[2018/10/06 01:48:06] Trying to copy big file: /home/bukerzco/public_html/broomday.com/wp-content/plugins/wordfence/lib/GeoLite2-Country.mmdb -> /home/bukerzco/public_html/broomday.com/mynew/wp-content/plugins/wordfence/lib/GeoLite2-Country.mmdb
[INFO]-[2018/10/06 01:48:07] Total 10700 files processed
[INFO]-[2018/10/06 01:48:06] Trying to copy big file: /home/bukerzco/public_html/broomday.com/wp-content/plugins/wordfence/lib/GeoLite2-Country.mmdb -> /home/bukerzco/public_html/broomday.com/mynew/wp-content/plugins/wordfence/lib/GeoLite2-Country.mmdb
[INFO]-[2018/10/06 01:48:07] Total 10700 files processed
[INFO]-[2018/10/06 01:48:08] Total 10750 files processed
[INFO]-[2018/10/06 01:48:08] Total 10750 files processed
[INFO]-[2018/10/06 01:48:08] Total 10800 files processed
[INFO]-[2018/10/06 01:48:08] Total 10800 files processed
[INFO]-[2018/10/06 01:48:10] Total 10850 files processed
[INFO]-[2018/10/06 01:48:10] Total 10850 files processed
[INFO]-[2018/10/06 01:48:10] Total 10900 files processed
[INFO]-[2018/10/06 01:48:10] Total 10900 files processed
[INFO]-[2018/10/06 01:48:11] Total 10950 files processed
[INFO]-[2018/10/06 01:48:11] Total 10950 files processed
[INFO]-[2018/10/06 01:48:14] Trying to copy big file: /home/bukerzco/public_html/broomday.com/wp-content/wflogs/GeoLite2-Country.mmdb -> /home/bukerzco/public_html/broomday.com/mynew/wp-content/wflogs/GeoLite2-Country.mmdb
[INFO]-[2018/10/06 01:48:17] Total 11000 files processed
[INFO]-[2018/10/06 01:48:14] Trying to copy big file: /home/bukerzco/public_html/broomday.com/wp-content/wflogs/GeoLite2-Country.mmdb -> /home/bukerzco/public_html/broomday.com/mynew/wp-content/wflogs/GeoLite2-Country.mmdb
[INFO]-[2018/10/06 01:48:17] Total 11000 files processed
[INFO]-[2018/10/06 01:48:20] Total 11050 files processed
[INFO]-[2018/10/06 01:48:20] Total 11050 files processed
[INFO]-[2018/10/06 01:48:20] Total 11100 files processed
[INFO]-[2018/10/06 01:48:20] Total 11100 files processed
[INFO]-[2018/10/06 01:48:22] Total 11150 files processed
[INFO]-[2018/10/06 01:48:22] Total 11150 files processed
[INFO]-[2018/10/06 01:48:22] Total 11200 files processed
[INFO]-[2018/10/06 01:48:22] Total 11200 files processed
[INFO]-[2018/10/06 01:48:23] Total 11250 files processed
[INFO]-[2018/10/06 01:48:23] Total 11250 files processed
[INFO]-[2018/10/06 01:48:24] Total 11300 files processed
[INFO]-[2018/10/06 01:48:24] Total 11300 files processed
[INFO]-[2018/10/06 01:48:24] Total 11350 files processed
[INFO]-[2018/10/06 01:48:24] Total 11350 files processed
[INFO]-[2018/10/06 01:48:25] Total 11400 files processed
[INFO]-[2018/10/06 01:48:25] Total 11400 files processed
[INFO]-[2018/10/06 01:48:26] Total 11450 files processed
[INFO]-[2018/10/06 01:48:26] Total 11450 files processed
[INFO]-[2018/10/06 01:48:27] Total 11500 files processed
[INFO]-[2018/10/06 01:48:27] Total 11500 files processed
[INFO]-[2018/10/06 01:48:28] Total 11550 files processed
[INFO]-[2018/10/06 01:48:28] Total 11550 files processed
[INFO]-[2018/10/06 01:48:28] Total 11600 files processed
[INFO]-[2018/10/06 01:48:28] Total 11600 files processed
[INFO]-[2018/10/06 01:48:29] Total 11650 files processed
[INFO]-[2018/10/06 01:48:29] Total 11650 files processed
[INFO]-[2018/10/06 01:48:31] Total 11700 files processed
[INFO]-[2018/10/06 01:48:31] Total 11700 files processed
[INFO]-[2018/10/06 01:48:32] Total 11750 files processed
[INFO]-[2018/10/06 01:48:32] Total 11750 files processed
[INFO]-[2018/10/06 01:48:33] Total 11800 files processed
[INFO]-[2018/10/06 01:48:33] Total 11800 files processed
[INFO]-[2018/10/06 01:48:34] Total 11850 files processed
[INFO]-[2018/10/06 01:48:34] Total 11850 files processed
[INFO]-[2018/10/06 01:48:34] Total 11900 files processed
[INFO]-[2018/10/06 01:48:34] Total 11900 files processed
[INFO]-[2018/10/06 01:48:35] Total 11950 files processed
[INFO]-[2018/10/06 01:48:35] Total 11950 files processed
[INFO]-[2018/10/06 01:48:36] Total 12000 files processed
[INFO]-[2018/10/06 01:48:36] Total 12000 files processed
[INFO]-[2018/10/06 01:48:36] Total 12050 files processed
[INFO]-[2018/10/06 01:48:36] Total 12050 files processed
[INFO]-[2018/10/06 01:48:37] Total 12100 files processed
[INFO]-[2018/10/06 01:48:37] Total 12100 files processed
[INFO]-[2018/10/06 01:48:38] Total 12150 files processed
[INFO]-[2018/10/06 01:48:38] Total 12150 files processed
[INFO]-[2018/10/06 01:48:38] Total 12200 files processed
[INFO]-[2018/10/06 01:48:38] Total 12200 files processed
[INFO]-[2018/10/06 01:48:40] Total 12250 files processed
[INFO]-[2018/10/06 01:48:40] Total 12250 files processed
[INFO]-[2018/10/06 01:48:40] Total 12300 files processed
[INFO]-[2018/10/06 01:48:40] Total 12300 files processed
[INFO]-[2018/10/06 01:48:41] Total 12350 files processed
[INFO]-[2018/10/06 01:48:41] Total 12350 files processed
[]-[] 
[]-[] 
[INFO]-[2018/10/06 01:48:42] Copying files finished
[INFO]-[2018/10/06 01:48:42] Copying files finished
[INFO]-[2018/10/06 01:48:42] Preparing Data Step0: Check if wp-config.php is located in root path
[INFO]-[2018/10/06 01:48:42] Preparing Data Step0: Skip it
[INFO]-[2018/10/06 01:48:42] Preparing Data Step0: Check if wp-config.php is located in root path
[INFO]-[2018/10/06 01:48:42] Preparing Data Step0: Skip it
[INFO]-[2018/10/06 01:48:43] Preparing Data Step1: Updating siteurl and homeurl in wpstg1_options 
[INFO]-[2018/10/06 01:48:43] Preparing Data Step1: Updating siteurl and homeurl to https://www.broomday.com/mynew
[INFO]-[2018/10/06 01:48:43] Preparing Data Step1: Updating siteurl and homeurl in wpstg1_options 
[INFO]-[2018/10/06 01:48:43] Preparing Data Step1: Updating siteurl and homeurl to https://www.broomday.com/mynew
[INFO]-[2018/10/06 01:48:43] Preparing Data Step2: Updating row wpstg_is_staging_site in wpstg1_options 
[INFO]-[2018/10/06 01:48:43] Preparing Data Step2: Updating row wpstg_is_staging_site in wpstg1_options 
[INFO]-[2018/10/06 01:48:43] Preparing Data Step3: Updating rewrite_rules in wpstg1_options 
[INFO]-[2018/10/06 01:48:43] Preparing Data Step3: Updating rewrite_rules in wpstg1_options 
[INFO]-[2018/10/06 01:48:44] Preparing Data Step4: Updating db prefix in wpstg1_usermeta. 
[INFO]-[2018/10/06 01:48:44] Preparing Data Step4: Updating db prefix in wpstg1_usermeta. 
[INFO]-[2018/10/06 01:48:44] Preparing Data Step5: Updating table_prefix in /home/bukerzco/public_html/broomday.com/mynew/wp-config.php to wpstg1_
[INFO]-[2018/10/06 01:48:44] Preparing Data Step5: Updating table_prefix in /home/bukerzco/public_html/broomday.com/mynew/wp-config.php to wpstg1_
[]-[] 
[]-[] 
[INFO]-[2018/10/06 01:48:45] Preparing Data Step7: Updating wpstg_rmpermalinks_executed in wpstg1_options 
[WARNING]-[2018/10/06 01:48:45] Failed to update wpstg_rmpermalinks_executed in wpstg1_options 
[INFO]-[2018/10/06 01:48:45] Preparing Data Step7: Updating wpstg_rmpermalinks_executed in wpstg1_options 
[WARNING]-[2018/10/06 01:48:45] Failed to update wpstg_rmpermalinks_executed in wpstg1_options 
[INFO]-[2018/10/06 01:48:45] Preparing Data Step8: Updating permalink_structure in wpstg1_options 
[INFO]-[2018/10/06 01:48:45] Preparing Data Step8: Finished Step 8 successfully
[INFO]-[2018/10/06 01:48:45] Preparing Data Step8: Updating permalink_structure in wpstg1_options 
[INFO]-[2018/10/06 01:48:45] Preparing Data Step8: Finished Step 8 successfully
[INFO]-[2018/10/06 01:48:45] Preparing Data Step9: Set staging site to noindex
[INFO]-[2018/10/06 01:48:45] Preparing Data Step9: Finished Step 9 successfully
[INFO]-[2018/10/06 01:48:45] Preparing Data Step9: Set staging site to noindex
[INFO]-[2018/10/06 01:48:45] Preparing Data Step9: Finished Step 9 successfully
[INFO]-[2018/10/06 01:48:46] Preparing Data Step10: Updating WP_HOME in wp-config.php to https://www.broomday.com/mynew
[INFO]-[2018/10/06 01:48:46] Preparing Data Step10: WP_HOME not defined in wp-config.php. Skipping this step.
[INFO]-[2018/10/06 01:48:46] Preparing Data: Finished Step 11 successfully
[INFO]-[2018/10/06 01:48:46] Preparing Data Step10: Updating WP_HOME in wp-config.php to https://www.broomday.com/mynew
[INFO]-[2018/10/06 01:48:46] Preparing Data Step10: WP_HOME not defined in wp-config.php. Skipping this step.
[INFO]-[2018/10/06 01:48:46] Preparing Data: Finished Step 11 successfully
[INFO]-[2018/10/06 01:48:46] Preparing Data Step11: Updating WP_SITEURL in wp-config.php to https://www.broomday.com/mynew
[INFO]-[2018/10/06 01:48:46] Preparing Data Step11: WP_SITEURL not defined in wp-config.php. Skipping this step.
[INFO]-[2018/10/06 01:48:46] Preparing Data: Finished Step 11 successfully
[INFO]-[2018/10/06 01:48:46] Preparing Data Step11: Updating WP_SITEURL in wp-config.php to https://www.broomday.com/mynew
[INFO]-[2018/10/06 01:48:46] Preparing Data Step11: WP_SITEURL not defined in wp-config.php. Skipping this step.
[INFO]-[2018/10/06 01:48:46] Preparing Data: Finished Step 11 successfully
[INFO]-[2018/10/06 01:48:46] Preparing Data Step12: Updating db prefix in wpstg1_options.
[INFO]-[2018/10/06 01:48:46] Updating option_name in wpstg1_options. Last error: 
[INFO]-[2018/10/06 01:48:46] Preparing Data Step12: Updating db prefix in wpstg1_options.
[INFO]-[2018/10/06 01:48:46] Updating option_name in wpstg1_options. Last error: 
[INFO]-[2018/10/06 01:48:47] Preparing Data Step13: Updating upload_path wpstg1_options.
[INFO]-[2018/10/06 01:48:47] Preparing Data Step13: Skipping
[INFO]-[2018/10/06 01:48:47] Preparing Data Step13: Updating upload_path wpstg1_options.
[INFO]-[2018/10/06 01:48:47] Preparing Data Step13: Skipping
[INFO]-[2018/10/06 01:48:47] Preparing Data Step14: Set WP_CACHE in wp-config.php to false
[INFO]-[2018/10/06 01:48:47] Preparing Data: Finished Step 14 successfully
[INFO]-[2018/10/06 01:48:47] Preparing Data Step14: Set WP_CACHE in wp-config.php to false
[INFO]-[2018/10/06 01:48:47] Preparing Data: Finished Step 14 successfully
[]-[] 
[]-[] 
[INFO]-[2018/10/06 01:48:48] Finish: Deleting clone job's cache files...
[INFO]-[2018/10/06 01:48:48] Finish: Clone job's cache files have been deleted!
[INFO]-[2018/10/06 01:48:48] Finish: Verifying existing clones...
[INFO]-[2018/10/06 01:48:48] Finish: mynew's clone job's data is not in database, generating data
[INFO]-[2018/10/06 01:48:48] Finish: Deleting clone job's cache files...
[INFO]-[2018/10/06 01:48:48] Finish: Clone job's cache files have been deleted!
[INFO]-[2018/10/06 01:48:48] Finish: Verifying existing clones...
[INFO]-[2018/10/06 01:48:48] Finish: mynew's clone job's data is not in database, generating data
